R/Rmd/diversity/age.Rmd: db0f63ea65c2ab9e34a834dd7e01e8c6
R/Rmd/diversity/disability.Rmd: ea5d704ba3e72d5686a170744d0f698e
R/Rmd/diversity/ethnicity.Rmd: 4b824c97de152dd9bef085819cbc6e5a
R/Rmd/diversity/religion_belief.Rmd: 720e0294feaece733fba05331d10cb7b
R/Rmd/diversity/sex.Rmd: 89cd09333463eb99e8b47fa1193583d6
R/Rmd/diversity/sexual_orientation.Rmd: 65e8bf5092092231d2a259797093a39e
R/Rmd/location/_index.Rmd: 04642eac9048275c5a3d53a3643e7d1e
R/Rmd/location/country_region.Rmd: d97d1308852ec6e657cb5a541552324c
R/Rmd/location/diversity.Rmd: b3d8a1c6e73a995b8a6b0d3e5e85a7f6
R/Rmd/location/local_areas.Rmd: df09be6e9da14bf8f726f1cb1727b2b8
R/Rmd/location/nuts3.Rmd: 272e8a9fde574421035bdce185104c43
R/Rmd/location/organisation_grade.Rmd: b12755433feb343fc05e8db3fe67b2ed
R/Rmd/location/profession_function.Rmd: aea0f31a16aed18f24448e1596c4938d
R/Rmd/pay/diversity.Rmd: 7e3d441dacf5a7f83206a80cadb568a2
R/Rmd/pay/grade_organisation.Rmd: 44a8d07dfdd1b394e3b039b330be4a6e
R/Rmd/pay/location.Rmd: 56af27e0c0003b7e84a897e6665263a3
R/Rmd/pay/profession_function.Rmd: fb95c01580500de2bd7810543ef80463
R/Rmd/pay/salary_band.Rmd: 89dd6106df4869a62618db3298f57949
R/Rmd/structure/flow.Rmd: 8528158185a590ee1e5cdc6ae99cb65b
R/Rmd/structure/grade.Rmd: 61cde806f3c88c400975ff8e8019fda7
R/Rmd/structure/organisations.Rmd: 5244d2c8de94cb7f4a6c8847bb889a98
R/Rmd/structure/professions_functions.Rmd: 454c5767c6377cfc616b549a34b73ead
